0	21:18:46.339	Custom indicator ForexProfitSupreme Meter AUDUSD,H1: loaded successfully
0	21:18:46.403	Custom indicator Forexprofitsupreme Bars AUDUSD,H1: loaded successfully
0	21:18:46.477	Custom indicator Forexprofitsupreme Signal AUDUSD,H1: loaded successfully
0	21:18:46.560	Custom indicator ForexprofitsupremeClock AUDUSD,H1: loaded successfully
0	21:18:46.600	Custom indicator AllHullMA_v3.1 600+ AUDUSD,H1: loaded successfully
0	21:18:46.663	Custom indicator BBands Stop Alert AUDUSD,H1: loaded successfully
0	21:18:46.728	Custom indicator ForexprofitsupremeFilter AUDUSD,H1: loaded successfully
0	21:18:46.793	Custom indicator ForexprofitsupremeDline AUDUSD,H1: loaded successfully
0	21:18:46.803	Custom indicator Others\xmaster-formula AUDUSD,H1: loaded successfully
0	21:18:46.813	Custom indicator indics\cracked_Mega_Fx AUDUSD,H1: loaded successfully
0	21:18:46.874	ForexProfitSupreme Meter AUDUSD,H1: initialized
0	21:18:46.874	Forexprofitsupreme Bars AUDUSD,H1: initialized
0	21:18:46.874	Forexprofitsupreme Signal AUDUSD,H1: initialized
0	21:18:46.874	ForexprofitsupremeClock AUDUSD,H1: initialized
0	21:18:46.895	AllHullMA_v3.1 600+ AUDUSD,H1: initialized
0	21:18:46.895	BBands Stop Alert AUDUSD,H1: initialized
0	21:18:46.895	ForexprofitsupremeFilter AUDUSD,H1: initialized
0	21:18:46.895	ForexprofitsupremeDline AUDUSD,H1: initialized
0	21:18:46.905	xmaster-formula AUDUSD,H1: initialized
0	21:18:46.920	cracked_Mega_Fx AUDUSD,H1: initialized
0	21:18:48.124	cracked_Mega_Fx AUDUSD,H1: Alert: AUDUSD, TF:H1, MEGAFXPROFIT BUY SIGNAL for Level: 0.06391117 @ 21:18:48
0	21:18:48.291	Custom indicator BBands Stop Alert EURUSD,H1: loaded successfully
0	21:18:48.355	Custom indicator Others\Grail Indic EURUSD,H1: loaded successfully
0	21:18:48.365	Custom indicator Others\Super-Point-Signal EURUSD,H1: loaded successfully
0	21:18:48.375	Custom indicator Others\LotSize EURUSD,H1: loaded successfully
0	21:18:48.385	Custom indicator Others\trend-magic EURUSD,H1: loaded successfully
0	21:18:48.395	Custom indicator ForexprofitsupremeClockv1 EURUSD,H1: loaded successfully
0	21:18:48.405	Custom indicator Snake EURUSD,H1: loaded successfully
0	21:18:48.420	Custom indicator HOLY GRAIL 1.6 EURUSD,H1: loaded successfully
0	21:18:48.482	Custom indicator Forexprofitsupreme Signal EURUSD,H1: loaded successfully
0	21:18:48.496	Custom indicator HOLY GRAIL 1.6 EURUSD,H1: loaded successfully
0	21:18:48.506	Custom indicator SoeHoe.ID_Signal s2 EURUSD,H1: loaded successfully
0	21:18:48.570	Custom indicator SEFC084 EURUSD,H1: loaded successfully
0	21:18:48.640	Custom indicator 1SSRC EURUSD,H1: loaded successfully
0	21:18:48.727	Custom indicator 1SSRC EURUSD,H1: loaded successfully
0	21:18:48.804	Custom indicator Dev\SoeHoe.ID_fxsecretsignal EURUSD,H1: loaded successfully
0	21:18:48.867	Custom indicator SEFC084 EURUSD,H1: loaded successfully
0	21:18:48.875	Custom indicator cracked_Mega_Fx EURUSD,H1: loaded successfully
0	21:18:48.885	Custom indicator Solar Winds joy EURUSD,H1: loaded successfully
0	21:18:48.895	Custom indicator xmaster-formula EURUSD,H1: loaded successfully
0	21:18:48.949	BBands Stop Alert EURUSD,H1: initialized
0	21:18:48.949	Grail Indic EURUSD,H1: initialized
0	21:18:48.969	Super-Point-Signal EURUSD,H1: initialized
0	21:18:49.039	LotSize EURUSD,H1: initialized
0	21:18:49.048	trend-magic EURUSD,H1: initialized
0	21:18:49.058	ForexprofitsupremeClockv1 EURUSD,H1: initialized
0	21:18:49.073	Snake EURUSD,H1: initialized
0	21:18:49.073	HOLY GRAIL 1.6 EURUSD,H1: initialized
0	21:18:49.073	Forexprofitsupreme Signal EURUSD,H1: initialized
0	21:18:49.073	HOLY GRAIL 1.6 EURUSD,H1: initialized
0	21:18:49.098	SoeHoe.ID_Signal s2 EURUSD,H1: initialized
0	21:18:49.098	SEFC084 EURUSD,H1: initialized
0	21:18:49.098	1SSRC EURUSD,H1: initialized
0	21:18:49.098	1SSRC EURUSD,H1: initialized
0	21:18:49.098	SoeHoe.ID_fxsecretsignal EURUSD,H1: initialized
0	21:18:49.098	SEFC084 EURUSD,H1: initialized
0	21:18:49.113	cracked_Mega_Fx EURUSD,H1: initialized
0	21:18:49.123	Solar Winds joy EURUSD,H1: initialized
0	21:18:49.133	xmaster-formula EURUSD,H1: initialized
0	21:18:49.770	SEFC084 EURUSD,H1: Calculation time is 0.2 seconds
0	21:18:49.887	SEFC084 EURUSD,H1: Calculation time is 0.2 seconds
0	21:18:49.897	cracked_Mega_Fx EURUSD,H1: Alert: EURUSD, TF:H1, MEGAFXPROFIT BUY SIGNAL for Level: 0.07478062 @ 21:18:49
0	21:18:49.919	xmaster-formula EURUSD,H1: Alert:  XMASTER FORMULA UP Buy Price 1.1351, StopLoss   1.1331 EURUSD, 60 min
0	21:18:50.231	Custom indicator BBands Stop Alert EURUSD,H1: loaded successfully
0	21:18:50.295	Custom indicator Others\Grail Indic EURUSD,H1: loaded successfully
0	21:18:50.305	Custom indicator Others\Super-Point-Signal EURUSD,H1: loaded successfully
0	21:18:50.315	Custom indicator Others\LotSize EURUSD,H1: loaded successfully
0	21:18:50.325	Custom indicator Others\trend-magic EURUSD,H1: loaded successfully
0	21:18:50.335	Custom indicator ForexprofitsupremeClockv1 EURUSD,H1: loaded successfully
0	21:18:50.345	Custom indicator Snake EURUSD,H1: loaded successfully
0	21:18:50.355	Custom indicator HOLY GRAIL 1.6 EURUSD,H1: loaded successfully
0	21:18:50.424	Custom indicator Forexprofitsupreme Signal EURUSD,H1: loaded successfully
0	21:18:50.439	Custom indicator HOLY GRAIL 1.6 EURUSD,H1: loaded successfully
0	21:18:50.449	Custom indicator SoeHoe.ID_Signal s2 EURUSD,H1: loaded successfully
0	21:18:50.507	Custom indicator SEFC084 EURUSD,H1: loaded successfully
0	21:18:50.576	Custom indicator 1SSRC EURUSD,H1: loaded successfully
0	21:18:50.640	Custom indicator 1SSRC EURUSD,H1: loaded successfully
0	21:18:50.704	Custom indicator Dev\SoeHoe.ID_fxsecretsignal EURUSD,H1: loaded successfully
0	21:18:50.771	Custom indicator SEFC084 EURUSD,H1: loaded successfully
0	21:18:50.784	Custom indicator cracked_Mega_Fx EURUSD,H1: loaded successfully
0	21:18:50.794	Custom indicator Solar Winds joy EURUSD,H1: loaded successfully
0	21:18:50.803	Custom indicator xmaster-formula EURUSD,H1: loaded successfully
0	21:18:50.808	BBands Stop Alert EURUSD,H1: initialized
0	21:18:50.808	Grail Indic EURUSD,H1: initialized
0	21:18:50.817	Super-Point-Signal EURUSD,H1: initialized
0	21:18:50.889	LotSize EURUSD,H1: initialized
0	21:18:50.901	trend-magic EURUSD,H1: initialized
0	21:18:50.916	ForexprofitsupremeClockv1 EURUSD,H1: initialized
0	21:18:50.930	Snake EURUSD,H1: initialized
0	21:18:50.930	HOLY GRAIL 1.6 EURUSD,H1: initialized
0	21:18:50.930	Forexprofitsupreme Signal EURUSD,H1: initialized
0	21:18:50.930	HOLY GRAIL 1.6 EURUSD,H1: initialized
0	21:18:50.958	SoeHoe.ID_Signal s2 EURUSD,H1: initialized
0	21:18:50.958	SEFC084 EURUSD,H1: initialized
0	21:18:50.958	1SSRC EURUSD,H1: initialized
0	21:18:50.958	1SSRC EURUSD,H1: initialized
0	21:18:50.958	SoeHoe.ID_fxsecretsignal EURUSD,H1: initialized
0	21:18:50.958	SEFC084 EURUSD,H1: initialized
0	21:18:50.978	cracked_Mega_Fx EURUSD,H1: initialized
0	21:18:50.991	Solar Winds joy EURUSD,H1: initialized
0	21:18:51.005	xmaster-formula EURUSD,H1: initialized
0	21:18:51.646	SEFC084 EURUSD,H1: Calculation time is 0.2 seconds
0	21:18:51.750	SEFC084 EURUSD,H1: Calculation time is 0.2 seconds
0	21:18:51.759	cracked_Mega_Fx EURUSD,H1: Alert: EURUSD, TF:H1, MEGAFXPROFIT BUY SIGNAL for Level: 0.07478062 @ 21:18:51
0	21:18:51.778	xmaster-formula EURUSD,H1: Alert:  XMASTER FORMULA UP Buy Price 1.1351, StopLoss   1.1331 EURUSD, 60 min
0	21:18:51.834	Custom indicator Impulse signal AUDCHF,H1: loaded successfully
0	21:18:51.864	Custom indicator xSuperTrend Candles AUDCHF,H1: loaded successfully
0	21:18:51.874	Custom indicator AllHullMA_v3.1 600+ AUDCHF,H1: loaded successfully
0	21:18:51.899	Custom indicator fxr_sr_zones_3.12 AUDCHF,H1: loaded successfully
0	21:18:51.934	Custom indicator Signal_Bars_Executive_v1 AUDCHF,H1: loaded successfully
0	21:18:51.944	Custom indicator Advanced_ADX AUDCHF,H1: loaded successfully
0	21:18:51.989	Impulse signal AUDCHF,H1: initialized
0	21:18:51.989	xSuperTrend Candles AUDCHF,H1: initialized
0	21:18:52.008	AllHullMA_v3.1 600+ AUDCHF,H1: initialized
0	21:18:52.037	fxr_sr_zones_3.12 AUDCHF,H1: initialized
0	21:18:52.106	Signal_Bars_Executive_v1 AUDCHF,H1: initialized
0	21:18:52.121	Advanced_ADX AUDCHF,H1: initialized
0	21:18:52.598	Custom indicator Tier London Breakout V.3.2b EURCAD,H1: loaded successfully
0	21:18:52.613	Custom indicator AllHullMA_v3.1 600+ EURCAD,H1: loaded successfully
0	21:18:52.673	Tier London Breakout V.3.2b EURCAD,H1: initialized
0	21:18:52.693	AllHullMA_v3.1 600+ EURCAD,H1: initialized
